<?xml version="1.0" encoding="UTF-8"?>
<coverage generated="1773424574981" clover="3.2.0">
  <project timestamp="1773424574981" name="All files">
    <metrics statements="283" coveredstatements="283" conditionals="50" coveredconditionals="46" methods="10" coveredmethods="10" elements="343" coveredelements="339" complexity="0" loc="283" ncloc="283" packages="2" files="4" classes="4"/>
    <package name="src">
      <metrics statements="22" coveredstatements="22" conditionals="5" coveredconditionals="5" methods="4" coveredmethods="4"/>
      <file name="main.tsx" path="C:\Users\mykam\Desktop\Proyectos\Multimodal\modulo-comunicacion\plugins\mo-plugin-playback-processes\src\main.tsx">
        <metrics statements="19" coveredstatements="19" conditionals="5" coveredconditionals="5" methods="4" coveredmethods="4"/>
        <line num="1" count="1" type="stmt"/>
        <line num="2" count="1" type="stmt"/>
        <line num="3" count="1" type="stmt"/>
        <line num="5" count="1" type="stmt"/>
        <line num="6" count="1" type="cond" truecount="1" falsecount="0"/>
        <line num="7" count="1" type="stmt"/>
        <line num="8" count="1" type="stmt"/>
        <line num="9" count="1" type="cond" truecount="1" falsecount="0"/>
        <line num="10" count="1" type="stmt"/>
        <line num="11" count="1" type="stmt"/>
        <line num="12" count="1" type="cond" truecount="1" falsecount="0"/>
        <line num="13" count="1" type="stmt"/>
        <line num="14" count="1" type="stmt"/>
        <line num="15" count="1" type="cond" truecount="1" falsecount="0"/>
        <line num="16" count="4" type="stmt"/>
        <line num="17" count="4" type="stmt"/>
        <line num="18" count="4" type="cond" truecount="1" falsecount="0"/>
        <line num="19" count="4" type="stmt"/>
        <line num="20" count="1" type="stmt"/>
      </file>
      <file name="properties.ts" path="C:\Users\mykam\Desktop\Proyectos\Multimodal\modulo-comunicacion\plugins\mo-plugin-playback-processes\src\properties.ts">
        <metrics statements="3" coveredstatements="3" conditionals="0" coveredconditionals="0" methods="0" coveredmethods="0"/>
        <line num="1" count="1" type="stmt"/>
        <line num="3" count="1" type="stmt"/>
        <line num="5" count="1" type="stmt"/>
      </file>
    </package>
    <package name="src.components">
      <metrics statements="261" coveredstatements="261" conditionals="45" coveredconditionals="41" methods="6" coveredmethods="6"/>
      <file name="ProcessesPreview.tsx" path="C:\Users\mykam\Desktop\Proyectos\Multimodal\modulo-comunicacion\plugins\mo-plugin-playback-processes\src\components\ProcessesPreview.tsx">
        <metrics statements="90" coveredstatements="90" conditionals="6" coveredconditionals="6" methods="1" coveredmethods="1"/>
        <line num="1" count="1" type="stmt"/>
        <line num="4" count="1" type="cond" truecount="1" falsecount="0"/>
        <line num="5" count="5" type="stmt"/>
        <line num="7" count="5" type="stmt"/>
        <line num="8" count="5" type="stmt"/>
        <line num="9" count="5" type="stmt"/>
        <line num="10" count="5" type="stmt"/>
        <line num="11" count="5" type="stmt"/>
        <line num="12" count="5" type="stmt"/>
        <line num="13" count="5" type="stmt"/>
        <line num="14" count="5" type="stmt"/>
        <line num="16" count="5" type="stmt"/>
        <line num="17" count="5" type="stmt"/>
        <line num="18" count="5" type="stmt"/>
        <line num="19" count="5" type="stmt"/>
        <line num="20" count="5" type="stmt"/>
        <line num="22" count="5" type="stmt"/>
        <line num="23" count="5" type="stmt"/>
        <line num="24" count="5" type="stmt"/>
        <line num="25" count="5" type="stmt"/>
        <line num="26" count="5" type="stmt"/>
        <line num="27" count="5" type="stmt"/>
        <line num="28" count="5" type="stmt"/>
        <line num="29" count="5" type="stmt"/>
        <line num="30" count="5" type="stmt"/>
        <line num="31" count="5" type="stmt"/>
        <line num="32" count="5" type="stmt"/>
        <line num="33" count="5" type="stmt"/>
        <line num="34" count="5" type="stmt"/>
        <line num="36" count="5" type="stmt"/>
        <line num="37" count="5" type="stmt"/>
        <line num="38" count="5" type="stmt"/>
        <line num="39" count="5" type="stmt"/>
        <line num="40" count="5" type="stmt"/>
        <line num="41" count="5" type="stmt"/>
        <line num="42" count="5" type="stmt"/>
        <line num="43" count="5" type="stmt"/>
        <line num="44" count="5" type="stmt"/>
        <line num="45" count="5" type="stmt"/>
        <line num="46" count="5" type="stmt"/>
        <line num="47" count="5" type="stmt"/>
        <line num="49" count="5" type="stmt"/>
        <line num="50" count="5" type="stmt"/>
        <line num="51" count="5" type="cond" truecount="1" falsecount="0"/>
        <line num="52" count="30" type="stmt"/>
        <line num="53" count="30" type="stmt"/>
        <line num="54" count="30" type="stmt"/>
        <line num="55" count="30" type="stmt"/>
        <line num="56" count="30" type="stmt"/>
        <line num="57" count="30" type="stmt"/>
        <line num="58" count="30" type="stmt"/>
        <line num="59" count="30" type="stmt"/>
        <line num="60" count="30" type="stmt"/>
        <line num="61" count="30" type="stmt"/>
        <line num="62" count="30" type="stmt"/>
        <line num="63" count="30" type="stmt"/>
        <line num="65" count="30" type="stmt"/>
        <line num="66" count="30" type="stmt"/>
        <line num="67" count="5" type="stmt"/>
        <line num="68" count="5" type="stmt"/>
        <line num="69" count="5" type="stmt"/>
        <line num="70" count="5" type="stmt"/>
        <line num="71" count="5" type="cond" truecount="1" falsecount="0"/>
        <line num="72" count="15" type="stmt"/>
        <line num="73" count="15" type="stmt"/>
        <line num="74" count="15" type="cond" truecount="2" falsecount="0"/>
        <line num="76" count="15" type="cond" truecount="1" falsecount="0"/>
        <line num="77" count="90" type="stmt"/>
        <line num="78" count="90" type="stmt"/>
        <line num="79" count="90" type="stmt"/>
        <line num="80" count="90" type="stmt"/>
        <line num="81" count="90" type="stmt"/>
        <line num="82" count="90" type="stmt"/>
        <line num="83" count="90" type="stmt"/>
        <line num="84" count="90" type="stmt"/>
        <line num="85" count="90" type="stmt"/>
        <line num="86" count="90" type="stmt"/>
        <line num="88" count="90" type="stmt"/>
        <line num="89" count="90" type="stmt"/>
        <line num="90" count="15" type="stmt"/>
        <line num="91" count="15" type="stmt"/>
        <line num="92" count="5" type="stmt"/>
        <line num="93" count="5" type="stmt"/>
        <line num="94" count="5" type="stmt"/>
        <line num="95" count="5" type="stmt"/>
        <line num="96" count="5" type="stmt"/>
        <line num="97" count="5" type="stmt"/>
        <line num="98" count="5" type="stmt"/>
        <line num="99" count="5" type="stmt"/>
        <line num="101" count="5" type="stmt"/>
      </file>
      <file name="ProcessesView.tsx" path="C:\Users\mykam\Desktop\Proyectos\Multimodal\modulo-comunicacion\plugins\mo-plugin-playback-processes\src\components\ProcessesView.tsx">
        <metrics statements="171" coveredstatements="171" conditionals="39" coveredconditionals="35" methods="5" coveredmethods="5"/>
        <line num="1" count="1" type="stmt"/>
        <line num="2" count="1" type="stmt"/>
        <line num="19" count="18" type="cond" truecount="1" falsecount="0"/>
        <line num="20" count="18" type="stmt"/>
        <line num="21" count="18" type="cond" truecount="0" falsecount="1"/>
        <line num="22" count="18" type="stmt"/>
        <line num="23" count="18" type="stmt"/>
        <line num="25" count="7" type="cond" truecount="1" falsecount="0"/>
        <line num="26" count="7" type="cond" truecount="2" falsecount="0"/>
        <line num="27" count="7" type="cond" truecount="2" falsecount="0"/>
        <line num="28" count="7" type="stmt"/>
        <line num="29" count="7" type="cond" truecount="0" falsecount="1"/>
        <line num="30" count="7" type="stmt"/>
        <line num="38" count="1" type="cond" truecount="1" falsecount="0"/>
        <line num="39" count="43" type="stmt"/>
        <line num="41" count="43" type="stmt"/>
        <line num="42" count="43" type="stmt"/>
        <line num="43" count="43" type="stmt"/>
        <line num="44" count="43" type="stmt"/>
        <line num="46" count="43" type="cond" truecount="1" falsecount="0"/>
        <line num="47" count="18" type="stmt"/>
        <line num="48" count="18" type="cond" truecount="1" falsecount="0"/>
        <line num="49" count="18" type="stmt"/>
        <line num="50" count="18" type="stmt"/>
        <line num="51" count="18" type="stmt"/>
        <line num="52" count="18" type="cond" truecount="1" falsecount="0"/>
        <line num="53" count="18" type="cond" truecount="2" falsecount="0"/>
        <line num="54" count="15" type="stmt"/>
        <line num="55" count="15" type="cond" truecount="1" falsecount="0"/>
        <line num="56" count="15" type="stmt"/>
        <line num="57" count="18" type="cond" truecount="1" falsecount="0"/>
        <line num="58" count="2" type="stmt"/>
        <line num="59" count="2" type="stmt"/>
        <line num="60" count="2" type="cond" truecount="0" falsecount="1"/>
        <line num="61" count="2" type="stmt"/>
        <line num="62" count="18" type="cond" truecount="1" falsecount="0"/>
        <line num="63" count="17" type="stmt"/>
        <line num="64" count="17" type="stmt"/>
        <line num="65" count="18" type="stmt"/>
        <line num="66" count="18" type="stmt"/>
        <line num="67" count="18" type="cond" truecount="1" falsecount="0"/>
        <line num="68" count="18" type="stmt"/>
        <line num="69" count="18" type="stmt"/>
        <line num="70" count="43" type="stmt"/>
        <line num="71" count="43" type="cond" truecount="1" falsecount="0"/>
        <line num="72" count="33" type="cond" truecount="1" falsecount="0"/>
        <line num="73" count="8" type="stmt"/>
        <line num="74" count="8" type="cond" truecount="2" falsecount="0"/>
        <line num="75" count="8" type="stmt"/>
        <line num="77" count="33" type="stmt"/>
        <line num="78" count="33" type="stmt"/>
        <line num="79" count="33" type="stmt"/>
        <line num="80" count="33" type="cond" truecount="1" falsecount="0"/>
        <line num="81" count="33" type="cond" truecount="1" falsecount="0"/>
        <line num="82" count="33" type="stmt"/>
        <line num="83" count="33" type="cond" truecount="2" falsecount="0"/>
        <line num="84" count="43" type="stmt"/>
        <line num="85" count="43" type="stmt"/>
        <line num="86" count="43" type="stmt"/>
        <line num="87" count="43" type="stmt"/>
        <line num="88" count="43" type="stmt"/>
        <line num="89" count="43" type="stmt"/>
        <line num="90" count="43" type="stmt"/>
        <line num="91" count="43" type="stmt"/>
        <line num="92" count="43" type="stmt"/>
        <line num="94" count="43" type="cond" truecount="1" falsecount="0"/>
        <line num="95" count="18" type="stmt"/>
        <line num="96" count="18" type="stmt"/>
        <line num="97" count="18" type="stmt"/>
        <line num="98" count="18" type="stmt"/>
        <line num="100" count="18" type="cond" truecount="1" falsecount="0"/>
        <line num="102" count="43" type="cond" truecount="1" falsecount="0"/>
        <line num="103" count="2" type="stmt"/>
        <line num="104" count="2" type="stmt"/>
        <line num="105" count="2" type="stmt"/>
        <line num="106" count="2" type="stmt"/>
        <line num="108" count="2" type="cond" truecount="1" falsecount="0"/>
        <line num="110" count="43" type="cond" truecount="2" falsecount="0"/>
        <line num="112" count="43" type="stmt"/>
        <line num="113" count="43" type="stmt"/>
        <line num="114" count="43" type="stmt"/>
        <line num="115" count="43" type="stmt"/>
        <line num="116" count="43" type="stmt"/>
        <line num="117" count="43" type="cond" truecount="1" falsecount="0"/>
        <line num="118" count="138" type="stmt"/>
        <line num="119" count="43" type="stmt"/>
        <line num="120" count="43" type="stmt"/>
        <line num="121" count="43" type="stmt"/>
        <line num="122" count="43" type="stmt"/>
        <line num="123" count="43" type="cond" truecount="1" falsecount="0"/>
        <line num="124" count="138" type="stmt"/>
        <line num="125" count="138" type="stmt"/>
        <line num="126" count="138" type="stmt"/>
        <line num="127" count="43" type="stmt"/>
        <line num="128" count="43" type="stmt"/>
        <line num="129" count="43" type="stmt"/>
        <line num="130" count="43" type="stmt"/>
        <line num="131" count="43" type="cond" truecount="1" falsecount="0"/>
        <line num="132" count="16" type="stmt"/>
        <line num="133" count="16" type="stmt"/>
        <line num="134" count="16" type="stmt"/>
        <line num="135" count="16" type="stmt"/>
        <line num="136" count="16" type="stmt"/>
        <line num="137" count="16" type="stmt"/>
        <line num="138" count="16" type="stmt"/>
        <line num="139" count="16" type="stmt"/>
        <line num="140" count="16" type="stmt"/>
        <line num="142" count="16" type="stmt"/>
        <line num="143" count="16" type="stmt"/>
        <line num="144" count="16" type="cond" truecount="1" falsecount="0"/>
        <line num="146" count="7" type="cond" truecount="1" falsecount="0"/>
        <line num="147" count="7" type="stmt"/>
        <line num="148" count="7" type="stmt"/>
        <line num="149" count="7" type="stmt"/>
        <line num="150" count="7" type="cond" truecount="0" falsecount="1"/>
        <line num="151" count="7" type="stmt"/>
        <line num="153" count="7" type="stmt"/>
        <line num="154" count="7" type="stmt"/>
        <line num="155" count="7" type="stmt"/>
        <line num="156" count="7" type="stmt"/>
        <line num="157" count="7" type="stmt"/>
        <line num="158" count="7" type="stmt"/>
        <line num="159" count="7" type="stmt"/>
        <line num="160" count="7" type="stmt"/>
        <line num="161" count="7" type="stmt"/>
        <line num="162" count="7" type="stmt"/>
        <line num="164" count="43" type="stmt"/>
        <line num="165" count="43" type="stmt"/>
        <line num="166" count="43" type="stmt"/>
        <line num="167" count="43" type="stmt"/>
        <line num="169" count="43" type="stmt"/>
        <line num="171" count="1" type="stmt"/>
        <line num="172" count="1" type="stmt"/>
        <line num="173" count="1" type="stmt"/>
        <line num="174" count="1" type="stmt"/>
        <line num="175" count="1" type="stmt"/>
        <line num="176" count="1" type="stmt"/>
        <line num="177" count="1" type="stmt"/>
        <line num="178" count="1" type="stmt"/>
        <line num="179" count="1" type="stmt"/>
        <line num="181" count="1" type="stmt"/>
        <line num="182" count="1" type="stmt"/>
        <line num="183" count="1" type="stmt"/>
        <line num="184" count="1" type="stmt"/>
        <line num="185" count="1" type="stmt"/>
        <line num="186" count="1" type="stmt"/>
        <line num="188" count="1" type="stmt"/>
        <line num="189" count="1" type="stmt"/>
        <line num="190" count="1" type="stmt"/>
        <line num="191" count="1" type="stmt"/>
        <line num="192" count="1" type="stmt"/>
        <line num="193" count="1" type="stmt"/>
        <line num="194" count="1" type="stmt"/>
        <line num="196" count="1" type="stmt"/>
        <line num="197" count="1" type="stmt"/>
        <line num="198" count="1" type="stmt"/>
        <line num="199" count="1" type="stmt"/>
        <line num="200" count="1" type="stmt"/>
        <line num="201" count="1" type="stmt"/>
        <line num="202" count="1" type="stmt"/>
        <line num="203" count="1" type="stmt"/>
        <line num="204" count="1" type="stmt"/>
        <line num="205" count="1" type="stmt"/>
        <line num="207" count="1" type="stmt"/>
        <line num="208" count="1" type="stmt"/>
        <line num="209" count="1" type="stmt"/>
        <line num="210" count="1" type="stmt"/>
        <line num="211" count="1" type="stmt"/>
        <line num="212" count="1" type="stmt"/>
        <line num="213" count="1" type="stmt"/>
        <line num="214" count="1" type="stmt"/>
      </file>
    </package>
  </project>
</coverage>
