{"C:\\Users\\mykam\\Desktop\\Proyectos\\Multimodal\\modulo-comunicacion\\plugins\\mo-plugin-playback-processes\\src\\main.tsx": {"path":"C:\\Users\\mykam\\Desktop\\Proyectos\\Multimodal\\modulo-comunicacion\\plugins\\mo-plugin-playback-processes\\src\\main.tsx","all":false,"statementMap":{"0":{"start":{"line":1,"column":0},"end":{"line":1,"column":62}},"1":{"start":{"line":2,"column":0},"end":{"line":2,"column":62}},"2":{"start":{"line":3,"column":0},"end":{"line":3,"column":68}},"4":{"start":{"line":5,"column":0},"end":{"line":5,"column":74}},"5":{"start":{"line":6,"column":0},"end":{"line":6,"column":37}},"6":{"start":{"line":7,"column":0},"end":{"line":7,"column":44}},"7":{"start":{"line":8,"column":0},"end":{"line":8,"column":5}},"8":{"start":{"line":9,"column":0},"end":{"line":9,"column":18}},"9":{"start":{"line":10,"column":0},"end":{"line":10,"column":36}},"10":{"start":{"line":11,"column":0},"end":{"line":11,"column":5}},"11":{"start":{"line":12,"column":0},"end":{"line":12,"column":23}},"12":{"start":{"line":13,"column":0},"end":{"line":13,"column":24}},"13":{"start":{"line":14,"column":0},"end":{"line":14,"column":5}},"14":{"start":{"line":15,"column":0},"end":{"line":15,"column":30}},"15":{"start":{"line":16,"column":0},"end":{"line":16,"column":50}},"16":{"start":{"line":17,"column":0},"end":{"line":17,"column":16}},"17":{"start":{"line":18,"column":0},"end":{"line":18,"column":69}},"18":{"start":{"line":19,"column":0},"end":{"line":19,"column":5}},"19":{"start":{"line":20,"column":0},"end":{"line":20,"column":1}}},"s":{"0":1,"1":1,"2":1,"4":1,"5":1,"6":1,"7":1,"8":1,"9":1,"10":1,"11":1,"12":1,"13":1,"14":1,"15":4,"16":4,"17":4,"18":4,"19":1},"branchMap":{"0":{"type":"branch","line":6,"loc":{"start":{"line":6,"column":4},"end":{"line":8,"column":5}},"locations":[{"start":{"line":6,"column":4},"end":{"line":8,"column":5}}]},"1":{"type":"branch","line":9,"loc":{"start":{"line":9,"column":4},"end":{"line":11,"column":5}},"locations":[{"start":{"line":9,"column":4},"end":{"line":11,"column":5}}]},"2":{"type":"branch","line":12,"loc":{"start":{"line":12,"column":4},"end":{"line":14,"column":5}},"locations":[{"start":{"line":12,"column":4},"end":{"line":14,"column":5}}]},"3":{"type":"branch","line":15,"loc":{"start":{"line":15,"column":4},"end":{"line":19,"column":5}},"locations":[{"start":{"line":15,"column":4},"end":{"line":19,"column":5}}]},"4":{"type":"branch","line":18,"loc":{"start":{"line":18,"column":15},"end":{"line":18,"column":42}},"locations":[{"start":{"line":18,"column":15},"end":{"line":18,"column":42}}]}},"b":{"0":[1],"1":[1],"2":[1],"3":[4],"4":[3]},"fnMap":{"0":{"name":"getView","decl":{"start":{"line":6,"column":4},"end":{"line":8,"column":5}},"loc":{"start":{"line":6,"column":4},"end":{"line":8,"column":5}},"line":6},"1":{"name":"getPreview","decl":{"start":{"line":9,"column":4},"end":{"line":11,"column":5}},"loc":{"start":{"line":9,"column":4},"end":{"line":11,"column":5}},"line":9},"2":{"name":"validExtensions","decl":{"start":{"line":12,"column":4},"end":{"line":14,"column":5}},"loc":{"start":{"line":12,"column":4},"end":{"line":14,"column":5}},"line":12},"3":{"name":"validateCaptureDescriptor","decl":{"start":{"line":15,"column":4},"end":{"line":19,"column":5}},"loc":{"start":{"line":15,"column":4},"end":{"line":19,"column":5}},"line":15}},"f":{"0":1,"1":1,"2":1,"3":4}}
,"C:\\Users\\mykam\\Desktop\\Proyectos\\Multimodal\\modulo-comunicacion\\plugins\\mo-plugin-playback-processes\\src\\properties.ts": {"path":"C:\\Users\\mykam\\Desktop\\Proyectos\\Multimodal\\modulo-comunicacion\\plugins\\mo-plugin-playback-processes\\src\\properties.ts","all":false,"statementMap":{"0":{"start":{"line":1,"column":0},"end":{"line":1,"column":36}},"2":{"start":{"line":3,"column":0},"end":{"line":3,"column":36}},"4":{"start":{"line":5,"column":0},"end":{"line":5,"column":26}}},"s":{"0":1,"2":1,"4":1},"branchMap":{},"b":{},"fnMap":{},"f":{}}
,"C:\\Users\\mykam\\Desktop\\Proyectos\\Multimodal\\modulo-comunicacion\\plugins\\mo-plugin-playback-processes\\src\\components\\ProcessesPreview.tsx": {"path":"C:\\Users\\mykam\\Desktop\\Proyectos\\Multimodal\\modulo-comunicacion\\plugins\\mo-plugin-playback-processes\\src\\components\\ProcessesPreview.tsx","all":false,"statementMap":{"0":{"start":{"line":1,"column":0},"end":{"line":1,"column":40}},"3":{"start":{"line":4,"column":0},"end":{"line":4,"column":36}},"4":{"start":{"line":5,"column":0},"end":{"line":5,"column":63}},"6":{"start":{"line":7,"column":0},"end":{"line":7,"column":21}},"7":{"start":{"line":8,"column":0},"end":{"line":8,"column":29}},"8":{"start":{"line":9,"column":0},"end":{"line":9,"column":21}},"9":{"start":{"line":10,"column":0},"end":{"line":10,"column":26}},"10":{"start":{"line":11,"column":0},"end":{"line":11,"column":30}},"11":{"start":{"line":12,"column":0},"end":{"line":12,"column":34}},"12":{"start":{"line":13,"column":0},"end":{"line":13,"column":27}},"13":{"start":{"line":14,"column":0},"end":{"line":14,"column":6}},"15":{"start":{"line":16,"column":0},"end":{"line":16,"column":25}},"16":{"start":{"line":17,"column":0},"end":{"line":17,"column":76}},"17":{"start":{"line":18,"column":0},"end":{"line":18,"column":76}},"18":{"start":{"line":19,"column":0},"end":{"line":19,"column":74}},"19":{"start":{"line":20,"column":0},"end":{"line":20,"column":6}},"21":{"start":{"line":22,"column":0},"end":{"line":22,"column":12}},"22":{"start":{"line":23,"column":0},"end":{"line":23,"column":12}},"23":{"start":{"line":24,"column":0},"end":{"line":24,"column":20}},"24":{"start":{"line":25,"column":0},"end":{"line":25,"column":32}},"25":{"start":{"line":26,"column":0},"end":{"line":26,"column":40}},"26":{"start":{"line":27,"column":0},"end":{"line":27,"column":27}},"27":{"start":{"line":28,"column":0},"end":{"line":28,"column":32}},"28":{"start":{"line":29,"column":0},"end":{"line":29,"column":42}},"29":{"start":{"line":30,"column":0},"end":{"line":30,"column":36}},"30":{"start":{"line":31,"column":0},"end":{"line":31,"column":38}},"31":{"start":{"line":32,"column":0},"end":{"line":32,"column":35}},"32":{"start":{"line":33,"column":0},"end":{"line":33,"column":30}},"33":{"start":{"line":34,"column":0},"end":{"line":34,"column":14}},"35":{"start":{"line":36,"column":0},"end":{"line":36,"column":81}},"36":{"start":{"line":37,"column":0},"end":{"line":37,"column":36}},"37":{"start":{"line":38,"column":0},"end":{"line":38,"column":18}},"38":{"start":{"line":39,"column":0},"end":{"line":39,"column":47}},"39":{"start":{"line":40,"column":0},"end":{"line":40,"column":22}},"40":{"start":{"line":41,"column":0},"end":{"line":41,"column":28}},"41":{"start":{"line":42,"column":0},"end":{"line":42,"column":38}},"42":{"start":{"line":43,"column":0},"end":{"line":43,"column":51}},"43":{"start":{"line":44,"column":0},"end":{"line":44,"column":44}},"44":{"start":{"line":45,"column":0},"end":{"line":45,"column":48}},"45":{"start":{"line":46,"column":0},"end":{"line":46,"column":45}},"46":{"start":{"line":47,"column":0},"end":{"line":47,"column":22}},"48":{"start":{"line":49,"column":0},"end":{"line":49,"column":27}},"49":{"start":{"line":50,"column":0},"end":{"line":50,"column":62}},"50":{"start":{"line":51,"column":0},"end":{"line":51,"column":51}},"51":{"start":{"line":52,"column":0},"end":{"line":52,"column":35}},"52":{"start":{"line":53,"column":0},"end":{"line":53,"column":45}},"53":{"start":{"line":54,"column":0},"end":{"line":54,"column":44}},"54":{"start":{"line":55,"column":0},"end":{"line":55,"column":59}},"55":{"start":{"line":56,"column":0},"end":{"line":56,"column":58}},"56":{"start":{"line":57,"column":0},"end":{"line":57,"column":71}},"57":{"start":{"line":58,"column":0},"end":{"line":58,"column":54}},"58":{"start":{"line":59,"column":0},"end":{"line":59,"column":56}},"59":{"start":{"line":60,"column":0},"end":{"line":60,"column":61}},"60":{"start":{"line":61,"column":0},"end":{"line":61,"column":59}},"61":{"start":{"line":62,"column":0},"end":{"line":62,"column":65}},"62":{"start":{"line":63,"column":0},"end":{"line":63,"column":38}},"64":{"start":{"line":65,"column":0},"end":{"line":65,"column":41}},"65":{"start":{"line":66,"column":0},"end":{"line":66,"column":37}},"66":{"start":{"line":67,"column":0},"end":{"line":67,"column":31}},"67":{"start":{"line":68,"column":0},"end":{"line":68,"column":29}},"68":{"start":{"line":69,"column":0},"end":{"line":69,"column":28}},"69":{"start":{"line":70,"column":0},"end":{"line":70,"column":27}},"70":{"start":{"line":71,"column":0},"end":{"line":71,"column":54}},"71":{"start":{"line":72,"column":0},"end":{"line":72,"column":31}},"72":{"start":{"line":73,"column":0},"end":{"line":73,"column":39}},"73":{"start":{"line":74,"column":0},"end":{"line":74,"column":88}},"75":{"start":{"line":76,"column":0},"end":{"line":76,"column":55}},"76":{"start":{"line":77,"column":0},"end":{"line":77,"column":39}},"77":{"start":{"line":78,"column":0},"end":{"line":78,"column":47}},"78":{"start":{"line":79,"column":0},"end":{"line":79,"column":48}},"79":{"start":{"line":80,"column":0},"end":{"line":80,"column":63}},"80":{"start":{"line":81,"column":0},"end":{"line":81,"column":75}},"81":{"start":{"line":82,"column":0},"end":{"line":82,"column":58}},"82":{"start":{"line":83,"column":0},"end":{"line":83,"column":63}},"83":{"start":{"line":84,"column":0},"end":{"line":84,"column":69}},"84":{"start":{"line":85,"column":0},"end":{"line":85,"column":65}},"85":{"start":{"line":86,"column":0},"end":{"line":86,"column":42}},"87":{"start":{"line":88,"column":0},"end":{"line":88,"column":46}},"88":{"start":{"line":89,"column":0},"end":{"line":89,"column":41}},"89":{"start":{"line":90,"column":0},"end":{"line":90,"column":35}},"90":{"start":{"line":91,"column":0},"end":{"line":91,"column":33}},"91":{"start":{"line":92,"column":0},"end":{"line":92,"column":27}},"92":{"start":{"line":93,"column":0},"end":{"line":93,"column":28}},"93":{"start":{"line":94,"column":0},"end":{"line":94,"column":24}},"94":{"start":{"line":95,"column":0},"end":{"line":95,"column":18}},"95":{"start":{"line":96,"column":0},"end":{"line":96,"column":64}},"96":{"start":{"line":97,"column":0},"end":{"line":97,"column":42}},"97":{"start":{"line":98,"column":0},"end":{"line":98,"column":18}},"98":{"start":{"line":99,"column":0},"end":{"line":99,"column":14}},"100":{"start":{"line":101,"column":0},"end":{"line":101,"column":1}}},"s":{"0":1,"3":1,"4":5,"6":5,"7":5,"8":5,"9":5,"10":5,"11":5,"12":5,"13":5,"15":5,"16":5,"17":5,"18":5,"19":5,"21":5,"22":5,"23":5,"24":5,"25":5,"26":5,"27":5,"28":5,"29":5,"30":5,"31":5,"32":5,"33":5,"35":5,"36":5,"37":5,"38":5,"39":5,"40":5,"41":5,"42":5,"43":5,"44":5,"45":5,"46":5,"48":5,"49":5,"50":5,"51":30,"52":30,"53":30,"54":30,"55":30,"56":30,"57":30,"58":30,"59":30,"60":30,"61":30,"62":30,"64":30,"65":30,"66":5,"67":5,"68":5,"69":5,"70":5,"71":15,"72":15,"73":15,"75":15,"76":90,"77":90,"78":90,"79":90,"80":90,"81":90,"82":90,"83":90,"84":90,"85":90,"87":90,"88":90,"89":15,"90":15,"91":5,"92":5,"93":5,"94":5,"95":5,"96":5,"97":5,"98":5,"100":5},"branchMap":{"0":{"type":"branch","line":4,"loc":{"start":{"line":4,"column":7},"end":{"line":101,"column":1}},"locations":[{"start":{"line":4,"column":7},"end":{"line":101,"column":1}}]},"1":{"type":"branch","line":51,"loc":{"start":{"line":51,"column":41},"end":{"line":66,"column":37}},"locations":[{"start":{"line":51,"column":41},"end":{"line":66,"column":37}}]},"2":{"type":"branch","line":71,"loc":{"start":{"line":71,"column":41},"end":{"line":91,"column":33}},"locations":[{"start":{"line":71,"column":41},"end":{"line":91,"column":33}}]},"3":{"type":"branch","line":74,"loc":{"start":{"line":74,"column":63},"end":{"line":74,"column":76}},"locations":[{"start":{"line":74,"column":63},"end":{"line":74,"column":76}}]},"4":{"type":"branch","line":74,"loc":{"start":{"line":74,"column":67},"end":{"line":74,"column":86}},"locations":[{"start":{"line":74,"column":67},"end":{"line":74,"column":86}}]},"5":{"type":"branch","line":76,"loc":{"start":{"line":76,"column":41},"end":{"line":89,"column":41}},"locations":[{"start":{"line":76,"column":41},"end":{"line":89,"column":41}}]}},"b":{"0":[5],"1":[30],"2":[15],"3":[10],"4":[5],"5":[90]},"fnMap":{"0":{"name":"ProcessesPreview","decl":{"start":{"line":4,"column":7},"end":{"line":101,"column":1}},"loc":{"start":{"line":4,"column":7},"end":{"line":101,"column":1}},"line":4}},"f":{"0":5}}
,"C:\\Users\\mykam\\Desktop\\Proyectos\\Multimodal\\modulo-comunicacion\\plugins\\mo-plugin-playback-processes\\src\\components\\ProcessesView.tsx": {"path":"C:\\Users\\mykam\\Desktop\\Proyectos\\Multimodal\\modulo-comunicacion\\plugins\\mo-plugin-playback-processes\\src\\components\\ProcessesView.tsx","all":false,"statementMap":{"0":{"start":{"line":1,"column":0},"end":{"line":1,"column":44}},"1":{"start":{"line":2,"column":0},"end":{"line":2,"column":62}},"18":{"start":{"line":19,"column":0},"end":{"line":19,"column":46}},"19":{"start":{"line":20,"column":0},"end":{"line":20,"column":52}},"20":{"start":{"line":21,"column":0},"end":{"line":21,"column":70}},"21":{"start":{"line":22,"column":0},"end":{"line":22,"column":34}},"22":{"start":{"line":23,"column":0},"end":{"line":23,"column":1}},"24":{"start":{"line":25,"column":0},"end":{"line":25,"column":62}},"25":{"start":{"line":26,"column":0},"end":{"line":26,"column":29}},"26":{"start":{"line":27,"column":0},"end":{"line":27,"column":53}},"27":{"start":{"line":28,"column":0},"end":{"line":28,"column":37}},"28":{"start":{"line":29,"column":0},"end":{"line":29,"column":46}},"29":{"start":{"line":30,"column":0},"end":{"line":30,"column":1}},"37":{"start":{"line":38,"column":0},"end":{"line":38,"column":71}},"38":{"start":{"line":39,"column":0},"end":{"line":39,"column":63}},"40":{"start":{"line":41,"column":0},"end":{"line":41,"column":63}},"41":{"start":{"line":42,"column":0},"end":{"line":42,"column":66}},"42":{"start":{"line":43,"column":0},"end":{"line":43,"column":49}},"43":{"start":{"line":44,"column":0},"end":{"line":44,"column":60}},"45":{"start":{"line":46,"column":0},"end":{"line":46,"column":21}},"46":{"start":{"line":47,"column":0},"end":{"line":47,"column":30}},"47":{"start":{"line":48,"column":0},"end":{"line":48,"column":31}},"48":{"start":{"line":49,"column":0},"end":{"line":49,"column":29}},"49":{"start":{"line":50,"column":0},"end":{"line":50,"column":27}},"50":{"start":{"line":51,"column":0},"end":{"line":51,"column":17}},"51":{"start":{"line":52,"column":0},"end":{"line":52,"column":69}},"52":{"start":{"line":53,"column":0},"end":{"line":53,"column":78}},"53":{"start":{"line":54,"column":0},"end":{"line":54,"column":62}},"54":{"start":{"line":55,"column":0},"end":{"line":55,"column":77}},"55":{"start":{"line":56,"column":0},"end":{"line":56,"column":51}},"56":{"start":{"line":57,"column":0},"end":{"line":57,"column":27}},"57":{"start":{"line":58,"column":0},"end":{"line":58,"column":31}},"58":{"start":{"line":59,"column":0},"end":{"line":59,"column":29}},"59":{"start":{"line":60,"column":0},"end":{"line":60,"column":82}},"60":{"start":{"line":61,"column":0},"end":{"line":61,"column":22}},"61":{"start":{"line":62,"column":0},"end":{"line":62,"column":23}},"62":{"start":{"line":63,"column":0},"end":{"line":63,"column":50}},"63":{"start":{"line":64,"column":0},"end":{"line":64,"column":13}},"64":{"start":{"line":65,"column":0},"end":{"line":65,"column":9}},"65":{"start":{"line":66,"column":0},"end":{"line":66,"column":20}},"66":{"start":{"line":67,"column":0},"end":{"line":67,"column":22}},"67":{"start":{"line":68,"column":0},"end":{"line":68,"column":29}},"68":{"start":{"line":69,"column":0},"end":{"line":69,"column":10}},"69":{"start":{"line":70,"column":0},"end":{"line":70,"column":27}},"70":{"start":{"line":71,"column":0},"end":{"line":71,"column":21}},"71":{"start":{"line":72,"column":0},"end":{"line":72,"column":60}},"72":{"start":{"line":73,"column":0},"end":{"line":73,"column":77}},"73":{"start":{"line":74,"column":0},"end":{"line":74,"column":92}},"74":{"start":{"line":75,"column":0},"end":{"line":75,"column":9}},"76":{"start":{"line":77,"column":0},"end":{"line":77,"column":24}},"77":{"start":{"line":78,"column":0},"end":{"line":78,"column":66}},"78":{"start":{"line":79,"column":0},"end":{"line":79,"column":39}},"79":{"start":{"line":80,"column":0},"end":{"line":80,"column":66}},"80":{"start":{"line":81,"column":0},"end":{"line":81,"column":66}},"81":{"start":{"line":82,"column":0},"end":{"line":82,"column":10}},"82":{"start":{"line":83,"column":0},"end":{"line":83,"column":50}},"83":{"start":{"line":84,"column":0},"end":{"line":84,"column":65}},"84":{"start":{"line":85,"column":0},"end":{"line":85,"column":31}},"85":{"start":{"line":86,"column":0},"end":{"line":86,"column":79}},"86":{"start":{"line":87,"column":0},"end":{"line":87,"column":80}},"87":{"start":{"line":88,"column":0},"end":{"line":88,"column":80}},"88":{"start":{"line":89,"column":0},"end":{"line":89,"column":80}},"89":{"start":{"line":90,"column":0},"end":{"line":90,"column":80}},"90":{"start":{"line":91,"column":0},"end":{"line":91,"column":80}},"91":{"start":{"line":92,"column":0},"end":{"line":92,"column":6}},"93":{"start":{"line":94,"column":0},"end":{"line":94,"column":18}},"94":{"start":{"line":95,"column":0},"end":{"line":95,"column":16}},"95":{"start":{"line":96,"column":0},"end":{"line":96,"column":40}},"96":{"start":{"line":97,"column":0},"end":{"line":97,"column":62}},"97":{"start":{"line":98,"column":0},"end":{"line":98,"column":18}},"99":{"start":{"line":100,"column":0},"end":{"line":100,"column":5}},"101":{"start":{"line":102,"column":0},"end":{"line":102,"column":16}},"102":{"start":{"line":103,"column":0},"end":{"line":103,"column":16}},"103":{"start":{"line":104,"column":0},"end":{"line":104,"column":40}},"104":{"start":{"line":105,"column":0},"end":{"line":105,"column":77}},"105":{"start":{"line":106,"column":0},"end":{"line":106,"column":18}},"107":{"start":{"line":108,"column":0},"end":{"line":108,"column":5}},"109":{"start":{"line":110,"column":0},"end":{"line":110,"column":47}},"111":{"start":{"line":112,"column":0},"end":{"line":112,"column":12}},"112":{"start":{"line":113,"column":0},"end":{"line":113,"column":36}},"113":{"start":{"line":114,"column":0},"end":{"line":114,"column":70}},"114":{"start":{"line":115,"column":0},"end":{"line":115,"column":42}},"115":{"start":{"line":116,"column":0},"end":{"line":116,"column":30}},"116":{"start":{"line":117,"column":0},"end":{"line":117,"column":47}},"117":{"start":{"line":118,"column":0},"end":{"line":118,"column":78}},"118":{"start":{"line":119,"column":0},"end":{"line":119,"column":27}},"119":{"start":{"line":120,"column":0},"end":{"line":120,"column":31}},"120":{"start":{"line":121,"column":0},"end":{"line":121,"column":27}},"121":{"start":{"line":122,"column":0},"end":{"line":122,"column":90}},"122":{"start":{"line":123,"column":0},"end":{"line":123,"column":51}},"123":{"start":{"line":124,"column":0},"end":{"line":124,"column":66}},"124":{"start":{"line":125,"column":0},"end":{"line":125,"column":47}},"125":{"start":{"line":126,"column":0},"end":{"line":126,"column":37}},"126":{"start":{"line":127,"column":0},"end":{"line":127,"column":31}},"127":{"start":{"line":128,"column":0},"end":{"line":128,"column":29}},"128":{"start":{"line":129,"column":0},"end":{"line":129,"column":28}},"129":{"start":{"line":130,"column":0},"end":{"line":130,"column":27}},"130":{"start":{"line":131,"column":0},"end":{"line":131,"column":51}},"131":{"start":{"line":132,"column":0},"end":{"line":132,"column":32}},"132":{"start":{"line":133,"column":0},"end":{"line":133,"column":35}},"133":{"start":{"line":134,"column":0},"end":{"line":134,"column":60}},"134":{"start":{"line":135,"column":0},"end":{"line":135,"column":44}},"135":{"start":{"line":136,"column":0},"end":{"line":136,"column":56}},"136":{"start":{"line":137,"column":0},"end":{"line":137,"column":60}},"137":{"start":{"line":138,"column":0},"end":{"line":138,"column":54}},"138":{"start":{"line":139,"column":0},"end":{"line":139,"column":60}},"139":{"start":{"line":140,"column":0},"end":{"line":140,"column":38}},"141":{"start":{"line":142,"column":0},"end":{"line":142,"column":49}},"142":{"start":{"line":143,"column":0},"end":{"line":143,"column":37}},"143":{"start":{"line":144,"column":0},"end":{"line":144,"column":33}},"145":{"start":{"line":146,"column":0},"end":{"line":146,"column":56}},"146":{"start":{"line":147,"column":0},"end":{"line":147,"column":35}},"147":{"start":{"line":148,"column":0},"end":{"line":148,"column":50}},"148":{"start":{"line":149,"column":0},"end":{"line":149,"column":44}},"149":{"start":{"line":150,"column":0},"end":{"line":150,"column":85}},"150":{"start":{"line":151,"column":0},"end":{"line":151,"column":38}},"152":{"start":{"line":153,"column":0},"end":{"line":153,"column":77}},"153":{"start":{"line":154,"column":0},"end":{"line":154,"column":63}},"154":{"start":{"line":155,"column":0},"end":{"line":155,"column":41}},"155":{"start":{"line":156,"column":0},"end":{"line":156,"column":71}},"156":{"start":{"line":157,"column":0},"end":{"line":157,"column":76}},"157":{"start":{"line":158,"column":0},"end":{"line":158,"column":80}},"158":{"start":{"line":159,"column":0},"end":{"line":159,"column":84}},"159":{"start":{"line":160,"column":0},"end":{"line":160,"column":77}},"160":{"start":{"line":161,"column":0},"end":{"line":161,"column":37}},"161":{"start":{"line":162,"column":0},"end":{"line":162,"column":30}},"163":{"start":{"line":164,"column":0},"end":{"line":164,"column":28}},"164":{"start":{"line":165,"column":0},"end":{"line":165,"column":24}},"165":{"start":{"line":166,"column":0},"end":{"line":166,"column":18}},"166":{"start":{"line":167,"column":0},"end":{"line":167,"column":14}},"168":{"start":{"line":169,"column":0},"end":{"line":169,"column":1}},"170":{"start":{"line":171,"column":0},"end":{"line":171,"column":45}},"171":{"start":{"line":172,"column":0},"end":{"line":172,"column":20}},"172":{"start":{"line":173,"column":0},"end":{"line":173,"column":28}},"173":{"start":{"line":174,"column":0},"end":{"line":174,"column":19}},"174":{"start":{"line":175,"column":0},"end":{"line":175,"column":26}},"175":{"start":{"line":176,"column":0},"end":{"line":176,"column":18}},"176":{"start":{"line":177,"column":0},"end":{"line":177,"column":29}},"177":{"start":{"line":178,"column":0},"end":{"line":178,"column":23}},"178":{"start":{"line":179,"column":0},"end":{"line":179,"column":2}},"180":{"start":{"line":181,"column":0},"end":{"line":181,"column":43}},"181":{"start":{"line":182,"column":0},"end":{"line":182,"column":20}},"182":{"start":{"line":183,"column":0},"end":{"line":183,"column":24}},"183":{"start":{"line":184,"column":0},"end":{"line":184,"column":23}},"184":{"start":{"line":185,"column":0},"end":{"line":185,"column":18}},"185":{"start":{"line":186,"column":0},"end":{"line":186,"column":2}},"187":{"start":{"line":188,"column":0},"end":{"line":188,"column":41}},"188":{"start":{"line":189,"column":0},"end":{"line":189,"column":18}},"189":{"start":{"line":190,"column":0},"end":{"line":190,"column":31}},"190":{"start":{"line":191,"column":0},"end":{"line":191,"column":23}},"191":{"start":{"line":192,"column":0},"end":{"line":192,"column":28}},"192":{"start":{"line":193,"column":0},"end":{"line":193,"column":25}},"193":{"start":{"line":194,"column":0},"end":{"line":194,"column":2}},"195":{"start":{"line":196,"column":0},"end":{"line":196,"column":38}},"196":{"start":{"line":197,"column":0},"end":{"line":197,"column":23}},"197":{"start":{"line":198,"column":0},"end":{"line":198,"column":22}},"198":{"start":{"line":199,"column":0},"end":{"line":199,"column":35}},"199":{"start":{"line":200,"column":0},"end":{"line":200,"column":18}},"200":{"start":{"line":201,"column":0},"end":{"line":201,"column":20}},"201":{"start":{"line":202,"column":0},"end":{"line":202,"column":25}},"202":{"start":{"line":203,"column":0},"end":{"line":203,"column":23}},"203":{"start":{"line":204,"column":0},"end":{"line":204,"column":29}},"204":{"start":{"line":205,"column":0},"end":{"line":205,"column":2}},"206":{"start":{"line":207,"column":0},"end":{"line":207,"column":38}},"207":{"start":{"line":208,"column":0},"end":{"line":208,"column":23}},"208":{"start":{"line":209,"column":0},"end":{"line":209,"column":35}},"209":{"start":{"line":210,"column":0},"end":{"line":210,"column":18}},"210":{"start":{"line":211,"column":0},"end":{"line":211,"column":23}},"211":{"start":{"line":212,"column":0},"end":{"line":212,"column":29}},"212":{"start":{"line":213,"column":0},"end":{"line":213,"column":25}},"213":{"start":{"line":214,"column":0},"end":{"line":214,"column":2}}},"s":{"0":1,"1":1,"18":18,"19":18,"20":18,"21":18,"22":18,"24":7,"25":7,"26":7,"27":7,"28":7,"29":7,"37":1,"38":43,"40":43,"41":43,"42":43,"43":43,"45":43,"46":18,"47":18,"48":18,"49":18,"50":18,"51":18,"52":18,"53":15,"54":15,"55":15,"56":18,"57":2,"58":2,"59":2,"60":2,"61":18,"62":17,"63":17,"64":18,"65":18,"66":18,"67":18,"68":18,"69":43,"70":43,"71":33,"72":8,"73":8,"74":8,"76":33,"77":33,"78":33,"79":33,"80":33,"81":33,"82":33,"83":43,"84":43,"85":43,"86":43,"87":43,"88":43,"89":43,"90":43,"91":43,"93":43,"94":18,"95":18,"96":18,"97":18,"99":18,"101":43,"102":2,"103":2,"104":2,"105":2,"107":2,"109":43,"111":43,"112":43,"113":43,"114":43,"115":43,"116":43,"117":138,"118":43,"119":43,"120":43,"121":43,"122":43,"123":138,"124":138,"125":138,"126":43,"127":43,"128":43,"129":43,"130":43,"131":16,"132":16,"133":16,"134":16,"135":16,"136":16,"137":16,"138":16,"139":16,"141":16,"142":16,"143":16,"145":7,"146":7,"147":7,"148":7,"149":7,"150":7,"152":7,"153":7,"154":7,"155":7,"156":7,"157":7,"158":7,"159":7,"160":7,"161":7,"163":43,"164":43,"165":43,"166":43,"168":43,"170":1,"171":1,"172":1,"173":1,"174":1,"175":1,"176":1,"177":1,"178":1,"180":1,"181":1,"182":1,"183":1,"184":1,"185":1,"187":1,"188":1,"189":1,"190":1,"191":1,"192":1,"193":1,"195":1,"196":1,"197":1,"198":1,"199":1,"200":1,"201":1,"202":1,"203":1,"204":1,"206":1,"207":1,"208":1,"209":1,"210":1,"211":1,"212":1,"213":1},"branchMap":{"0":{"type":"branch","line":19,"loc":{"start":{"line":19,"column":0},"end":{"line":23,"column":1}},"locations":[{"start":{"line":19,"column":0},"end":{"line":23,"column":1}}]},"1":{"type":"branch","line":21,"loc":{"start":{"line":21,"column":39},"end":{"line":21,"column":70}},"locations":[{"start":{"line":21,"column":39},"end":{"line":21,"column":70}}]},"2":{"type":"branch","line":25,"loc":{"start":{"line":25,"column":0},"end":{"line":30,"column":1}},"locations":[{"start":{"line":25,"column":0},"end":{"line":30,"column":1}}]},"3":{"type":"branch","line":26,"loc":{"start":{"line":26,"column":18},"end":{"line":26,"column":29}},"locations":[{"start":{"line":26,"column":18},"end":{"line":26,"column":29}}]},"4":{"type":"branch","line":26,"loc":{"start":{"line":26,"column":25},"end":{"line":27,"column":41}},"locations":[{"start":{"line":26,"column":25},"end":{"line":27,"column":41}}]},"5":{"type":"branch","line":27,"loc":{"start":{"line":27,"column":37},"end":{"line":27,"column":48}},"locations":[{"start":{"line":27,"column":37},"end":{"line":27,"column":48}}]},"6":{"type":"branch","line":27,"loc":{"start":{"line":27,"column":41},"end":{"line":27,"column":53}},"locations":[{"start":{"line":27,"column":41},"end":{"line":27,"column":53}}]},"7":{"type":"branch","line":29,"loc":{"start":{"line":29,"column":33},"end":{"line":29,"column":46}},"locations":[{"start":{"line":29,"column":33},"end":{"line":29,"column":46}}]},"8":{"type":"branch","line":38,"loc":{"start":{"line":38,"column":7},"end":{"line":169,"column":1}},"locations":[{"start":{"line":38,"column":7},"end":{"line":169,"column":1}}]},"9":{"type":"branch","line":94,"loc":{"start":{"line":94,"column":17},"end":{"line":100,"column":5}},"locations":[{"start":{"line":94,"column":17},"end":{"line":100,"column":5}}]},"10":{"type":"branch","line":100,"loc":{"start":{"line":100,"column":4},"end":{"line":102,"column":15}},"locations":[{"start":{"line":100,"column":4},"end":{"line":102,"column":15}}]},"11":{"type":"branch","line":102,"loc":{"start":{"line":102,"column":15},"end":{"line":108,"column":5}},"locations":[{"start":{"line":102,"column":15},"end":{"line":108,"column":5}}]},"12":{"type":"branch","line":108,"loc":{"start":{"line":108,"column":4},"end":{"line":110,"column":31}},"locations":[{"start":{"line":108,"column":4},"end":{"line":110,"column":31}}]},"13":{"type":"branch","line":110,"loc":{"start":{"line":110,"column":22},"end":{"line":110,"column":44}},"locations":[{"start":{"line":110,"column":22},"end":{"line":110,"column":44}}]},"14":{"type":"branch","line":110,"loc":{"start":{"line":110,"column":31},"end":{"line":110,"column":47}},"locations":[{"start":{"line":110,"column":31},"end":{"line":110,"column":47}}]},"15":{"type":"branch","line":131,"loc":{"start":{"line":131,"column":46},"end":{"line":144,"column":33}},"locations":[{"start":{"line":131,"column":46},"end":{"line":144,"column":33}}]},"16":{"type":"branch","line":144,"loc":{"start":{"line":144,"column":28},"end":{"line":162,"column":30}},"locations":[{"start":{"line":144,"column":28},"end":{"line":162,"column":30}}]},"17":{"type":"branch","line":46,"loc":{"start":{"line":46,"column":14},"end":{"line":70,"column":7}},"locations":[{"start":{"line":46,"column":14},"end":{"line":70,"column":7}}]},"18":{"type":"branch","line":48,"loc":{"start":{"line":48,"column":8},"end":{"line":65,"column":9}},"locations":[{"start":{"line":48,"column":8},"end":{"line":65,"column":9}}]},"19":{"type":"branch","line":52,"loc":{"start":{"line":52,"column":67},"end":{"line":53,"column":35}},"locations":[{"start":{"line":52,"column":67},"end":{"line":53,"column":35}}]},"20":{"type":"branch","line":53,"loc":{"start":{"line":53,"column":29},"end":{"line":53,"column":78}},"locations":[{"start":{"line":53,"column":29},"end":{"line":53,"column":78}}]},"21":{"type":"branch","line":53,"loc":{"start":{"line":53,"column":76},"end":{"line":56,"column":51}},"locations":[{"start":{"line":53,"column":76},"end":{"line":56,"column":51}}]},"22":{"type":"branch","line":57,"loc":{"start":{"line":57,"column":12},"end":{"line":62,"column":14}},"locations":[{"start":{"line":57,"column":12},"end":{"line":62,"column":14}}]},"23":{"type":"branch","line":60,"loc":{"start":{"line":60,"column":51},"end":{"line":60,"column":82}},"locations":[{"start":{"line":60,"column":51},"end":{"line":60,"column":82}}]},"24":{"type":"branch","line":62,"loc":{"start":{"line":62,"column":12},"end":{"line":64,"column":13}},"locations":[{"start":{"line":62,"column":12},"end":{"line":64,"column":13}}]},"25":{"type":"branch","line":55,"loc":{"start":{"line":55,"column":26},"end":{"line":55,"column":75}},"locations":[{"start":{"line":55,"column":26},"end":{"line":55,"column":75}}]},"26":{"type":"branch","line":67,"loc":{"start":{"line":67,"column":15},"end":{"line":69,"column":10}},"locations":[{"start":{"line":67,"column":15},"end":{"line":69,"column":10}}]},"27":{"type":"branch","line":71,"loc":{"start":{"line":71,"column":14},"end":{"line":84,"column":7}},"locations":[{"start":{"line":71,"column":14},"end":{"line":84,"column":7}}]},"28":{"type":"branch","line":72,"loc":{"start":{"line":72,"column":8},"end":{"line":75,"column":9}},"locations":[{"start":{"line":72,"column":8},"end":{"line":75,"column":9}}]},"29":{"type":"branch","line":74,"loc":{"start":{"line":74,"column":82},"end":{"line":74,"column":92}},"locations":[{"start":{"line":74,"column":82},"end":{"line":74,"column":92}}]},"30":{"type":"branch","line":74,"loc":{"start":{"line":74,"column":36},"end":{"line":74,"column":75}},"locations":[{"start":{"line":74,"column":36},"end":{"line":74,"column":75}}]},"31":{"type":"branch","line":80,"loc":{"start":{"line":80,"column":28},"end":{"line":80,"column":64}},"locations":[{"start":{"line":80,"column":28},"end":{"line":80,"column":64}}]},"32":{"type":"branch","line":81,"loc":{"start":{"line":81,"column":28},"end":{"line":81,"column":64}},"locations":[{"start":{"line":81,"column":28},"end":{"line":81,"column":64}}]},"33":{"type":"branch","line":83,"loc":{"start":{"line":83,"column":15},"end":{"line":83,"column":50}},"locations":[{"start":{"line":83,"column":15},"end":{"line":83,"column":50}}]},"34":{"type":"branch","line":83,"loc":{"start":{"line":83,"column":36},"end":{"line":83,"column":48}},"locations":[{"start":{"line":83,"column":36},"end":{"line":83,"column":48}}]},"35":{"type":"branch","line":117,"loc":{"start":{"line":117,"column":37},"end":{"line":118,"column":78}},"locations":[{"start":{"line":117,"column":37},"end":{"line":118,"column":78}}]},"36":{"type":"branch","line":123,"loc":{"start":{"line":123,"column":41},"end":{"line":126,"column":37}},"locations":[{"start":{"line":123,"column":41},"end":{"line":126,"column":37}}]},"37":{"type":"branch","line":146,"loc":{"start":{"line":146,"column":42},"end":{"line":161,"column":37}},"locations":[{"start":{"line":146,"column":42},"end":{"line":161,"column":37}}]},"38":{"type":"branch","line":150,"loc":{"start":{"line":150,"column":66},"end":{"line":150,"column":85}},"locations":[{"start":{"line":150,"column":66},"end":{"line":150,"column":85}}]}},"b":{"0":[18],"1":[0],"2":[7],"3":[1],"4":[6],"5":[4],"6":[2],"7":[0],"8":[43],"9":[18],"10":[25],"11":[2],"12":[23],"13":[7],"14":[16],"15":[16],"16":[7],"17":[18],"18":[18],"19":[16],"20":[1],"21":[15],"22":[2],"23":[0],"24":[17],"25":[3],"26":[18],"27":[33],"28":[8],"29":[1],"30":[11],"31":[7],"32":[1],"33":[33],"34":[132],"35":[138],"36":[138],"37":[7],"38":[0]},"fnMap":{"0":{"name":"toFileUrl","decl":{"start":{"line":19,"column":0},"end":{"line":23,"column":1}},"loc":{"start":{"line":19,"column":0},"end":{"line":23,"column":1}},"line":19},"1":{"name":"appName","decl":{"start":{"line":25,"column":0},"end":{"line":30,"column":1}},"loc":{"start":{"line":25,"column":0},"end":{"line":30,"column":1}},"line":25},"2":{"name":"ProcessesView","decl":{"start":{"line":38,"column":7},"end":{"line":169,"column":1}},"loc":{"start":{"line":38,"column":7},"end":{"line":169,"column":1}},"line":38},"3":{"name":"load","decl":{"start":{"line":48,"column":8},"end":{"line":65,"column":9}},"loc":{"start":{"line":48,"column":8},"end":{"line":65,"column":9}},"line":48},"4":{"name":"findSnapshot","decl":{"start":{"line":72,"column":8},"end":{"line":75,"column":9}},"loc":{"start":{"line":72,"column":8},"end":{"line":75,"column":9}},"line":72}},"f":{"0":18,"1":7,"2":43,"3":18,"4":8}}
}
